<?xml version="1.0" encoding="UTF-8"?>
<testng-results ignored="0" total="2" passed="2" failed="0" skipped="0">
  <reporter-output>
  </reporter-output>
  <suite started-at="2023-05-24T07:07:39 IST" name="Surefire suite" finished-at="2023-05-24T07:08:38 IST" duration-ms="58935">
    <groups>
    </groups>
    <test started-at="2023-05-24T07:07:39 IST" name="Surefire test" finished-at="2023-05-24T07:08:38 IST" duration-ms="58935">
      <class name="demo.AppiumTest">
        <test-method signature="test()[pri:0, instance:demo.AppiumTest@3b2da18f]" started-at="2023-05-24T07:07:39 IST" name="test" finished-at="2023-05-24T07:07:39 IST" duration-ms="30" status="PASS">
          <reporter-output>
          </reporter-output>
        </test-method> <!-- test -->
      </class> <!-- demo.AppiumTest -->
      <class name="demo.SeleniumTest">
        <test-method signature="seleniumtest()[pri:0, instance:demo.SeleniumTest@6295d394]" started-at="2023-05-24T07:07:39 IST" name="seleniumtest" finished-at="2023-05-24T07:08:38 IST" duration-ms="58603" status="PASS">
          <reporter-output>
          </reporter-output>
        </test-method> <!-- seleniumtest -->
      </class> <!-- demo.SeleniumTest -->
    </test> <!-- Surefire test -->
  </suite> <!-- Surefire suite -->
</testng-results>
